<?xml version="1.0" encoding="UTF-8"?>
<!-- Generated by org.testng.reporters.JUnitReportReporter -->
<testsuite hostname="Ashwinis-MacBook-Pro.local" failures="0" tests="12" name="api.test.UserApiTestDataDriven" time="4.636" errors="0" timestamp="2024-11-26T14:14:53 CST" skipped="0">
  <testcase classname="api.test.UserApiTestDataDriven" name="testPostUser" time="1.970"/>
  <system-out/>
  <testcase classname="api.test.UserApiTestDataDriven" name="testPostUser" time="0.301"/>
  <system-out/>
  <testcase classname="api.test.UserApiTestDataDriven" name="testPostUser" time="0.206"/>
  <system-out/>
  <testcase classname="api.test.UserApiTestDataDriven" name="testPostUser" time="0.228"/>
  <system-out/>
  <testcase classname="api.test.UserApiTestDataDriven" name="testGetUser" time="0.223"/>
  <system-out/>
  <testcase classname="api.test.UserApiTestDataDriven" name="testGetUser" time="0.215"/>
  <system-out/>
  <testcase classname="api.test.UserApiTestDataDriven" name="testGetUser" time="0.259"/>
  <system-out/>
  <testcase classname="api.test.UserApiTestDataDriven" name="testGetUser" time="0.207"/>
  <system-out/>
  <testcase classname="api.test.UserApiTestDataDriven" name="testDeleteUser" time="0.214"/>
  <system-out/>
  <testcase classname="api.test.UserApiTestDataDriven" name="testDeleteUser" time="0.196"/>
  <system-out/>
  <testcase classname="api.test.UserApiTestDataDriven" name="testDeleteUser" time="0.331"/>
  <system-out/>
  <testcase classname="api.test.UserApiTestDataDriven" name="testDeleteUser" time="0.286"/>
  <system-out/>
</testsuite> <!-- api.test.UserApiTestDataDriven -->
