<?xml version="1.0" encoding="UTF-8"?>
<!-- Generated by org.testng.reporters.JUnitReportReporter -->
<testsuite hostname="Ashwinis-MacBook-Pro.local" failures="0" tests="12" name="api.test.UserApiTestDataDriven" time="4.552" errors="0" timestamp="2024-11-24T05:15:06 CST" skipped="0">
  <testcase classname="api.test.UserApiTestDataDriven" name="testPostUser" time="0.203"/>
  <system-out/>
  <testcase classname="api.test.UserApiTestDataDriven" name="testPostUser" time="0.225"/>
  <system-out/>
  <testcase classname="api.test.UserApiTestDataDriven" name="testPostUser" time="2.203"/>
  <system-out/>
  <testcase classname="api.test.UserApiTestDataDriven" name="testPostUser" time="0.225"/>
  <system-out/>
  <testcase classname="api.test.UserApiTestDataDriven" name="testGetUser" time="0.228"/>
  <system-out/>
  <testcase classname="api.test.UserApiTestDataDriven" name="testGetUser" time="0.205"/>
  <system-out/>
  <testcase classname="api.test.UserApiTestDataDriven" name="testGetUser" time="0.232"/>
  <system-out/>
  <testcase classname="api.test.UserApiTestDataDriven" name="testGetUser" time="0.198"/>
  <system-out/>
  <testcase classname="api.test.UserApiTestDataDriven" name="testDeleteUser" time="0.208"/>
  <system-out/>
  <testcase classname="api.test.UserApiTestDataDriven" name="testDeleteUser" time="0.194"/>
  <system-out/>
  <testcase classname="api.test.UserApiTestDataDriven" name="testDeleteUser" time="0.212"/>
  <system-out/>
  <testcase classname="api.test.UserApiTestDataDriven" name="testDeleteUser" time="0.219"/>
  <system-out/>
</testsuite> <!-- api.test.UserApiTestDataDriven -->
