<?xml version="1.0" encoding="UTF-8"?>
<!-- Generated by org.testng.reporters.JUnitReportReporter -->
<testsuite hostname="Ashwinis-MacBook-Pro.local" failures="0" tests="12" name="api.test.UserApiTestDataDriven" time="4.318" errors="0" timestamp="2024-11-24T21:57:34 CST" skipped="0">
  <testcase classname="api.test.UserApiTestDataDriven" name="testPostUser" time="0.215"/>
  <system-out/>
  <testcase classname="api.test.UserApiTestDataDriven" name="testPostUser" time="0.210"/>
  <system-out/>
  <testcase classname="api.test.UserApiTestDataDriven" name="testPostUser" time="1.997"/>
  <system-out/>
  <testcase classname="api.test.UserApiTestDataDriven" name="testPostUser" time="0.225"/>
  <system-out/>
  <testcase classname="api.test.UserApiTestDataDriven" name="testGetUser" time="0.230"/>
  <system-out/>
  <testcase classname="api.test.UserApiTestDataDriven" name="testGetUser" time="0.208"/>
  <system-out/>
  <testcase classname="api.test.UserApiTestDataDriven" name="testGetUser" time="0.188"/>
  <system-out/>
  <testcase classname="api.test.UserApiTestDataDriven" name="testGetUser" time="0.209"/>
  <system-out/>
  <testcase classname="api.test.UserApiTestDataDriven" name="testDeleteUser" time="0.212"/>
  <system-out/>
  <testcase classname="api.test.UserApiTestDataDriven" name="testDeleteUser" time="0.209"/>
  <system-out/>
  <testcase classname="api.test.UserApiTestDataDriven" name="testDeleteUser" time="0.213"/>
  <system-out/>
  <testcase classname="api.test.UserApiTestDataDriven" name="testDeleteUser" time="0.202"/>
  <system-out/>
</testsuite> <!-- api.test.UserApiTestDataDriven -->
