<?xml version="1.0" encoding="UTF-8"?>
<!-- Generated by org.testng.reporters.JUnitReportReporter -->
<testsuite hostname="Ashwinis-MacBook-Pro.local" failures="0" tests="12" name="api.test.UserApiTestDataDriven" time="4.017" errors="0" timestamp="2024-11-24T04:02:07 CST" skipped="0">
  <testcase classname="api.test.UserApiTestDataDriven" name="testPostUser" time="1.688"/>
  <system-out/>
  <testcase classname="api.test.UserApiTestDataDriven" name="testPostUser" time="0.220"/>
  <system-out/>
  <testcase classname="api.test.UserApiTestDataDriven" name="testPostUser" time="0.200"/>
  <system-out/>
  <testcase classname="api.test.UserApiTestDataDriven" name="testPostUser" time="0.226"/>
  <system-out/>
  <testcase classname="api.test.UserApiTestDataDriven" name="testGetUser" time="0.222"/>
  <system-out/>
  <testcase classname="api.test.UserApiTestDataDriven" name="testGetUser" time="0.242"/>
  <system-out/>
  <testcase classname="api.test.UserApiTestDataDriven" name="testGetUser" time="0.200"/>
  <system-out/>
  <testcase classname="api.test.UserApiTestDataDriven" name="testGetUser" time="0.208"/>
  <system-out/>
  <testcase classname="api.test.UserApiTestDataDriven" name="testDeleteUser" time="0.198"/>
  <system-out/>
  <testcase classname="api.test.UserApiTestDataDriven" name="testDeleteUser" time="0.184"/>
  <system-out/>
  <testcase classname="api.test.UserApiTestDataDriven" name="testDeleteUser" time="0.243"/>
  <system-out/>
  <testcase classname="api.test.UserApiTestDataDriven" name="testDeleteUser" time="0.186"/>
  <system-out/>
</testsuite> <!-- api.test.UserApiTestDataDriven -->
