<?xml version="1.0" encoding="UTF-8"?>
<!-- Generated by org.testng.reporters.JUnitReportReporter -->
<testsuite hostname="Ashwinis-MacBook-Pro.local" failures="0" tests="4" name="api.test.UserApiTest" time="3.069" errors="0" timestamp="2024-11-21T10:31:32 CST" skipped="0">
  <testcase classname="api.test.UserApiTest" name="testPostUser" time="2.109"/>
  <system-out/>
  <testcase classname="api.test.UserApiTest" name="testgetUser" time="0.253"/>
  <system-out/>
  <testcase classname="api.test.UserApiTest" name="testPutUser" time="0.464"/>
  <system-out/>
  <testcase classname="api.test.UserApiTest" name="testDeleteUser" time="0.243"/>
  <system-out/>
</testsuite> <!-- api.test.UserApiTest -->
