<?xml version="1.0" encoding="UTF-8"?>
<!-- Generated by org.testng.reporters.JUnitReportReporter -->
<testsuite hostname="Ashwinis-MacBook-Pro.local" failures="0" tests="12" name="api.test.UserApiTestDataDriven" time="4.046" errors="0" timestamp="2024-11-26T14:38:00 CST" skipped="0">
  <testcase classname="api.test.UserApiTestDataDriven" name="testPostUser" time="0.231"/>
  <system-out/>
  <testcase classname="api.test.UserApiTestDataDriven" name="testPostUser" time="0.240"/>
  <system-out/>
  <testcase classname="api.test.UserApiTestDataDriven" name="testPostUser" time="1.555"/>
  <system-out/>
  <testcase classname="api.test.UserApiTestDataDriven" name="testPostUser" time="0.223"/>
  <system-out/>
  <testcase classname="api.test.UserApiTestDataDriven" name="testGetUser" time="0.230"/>
  <system-out/>
  <testcase classname="api.test.UserApiTestDataDriven" name="testGetUser" time="0.244"/>
  <system-out/>
  <testcase classname="api.test.UserApiTestDataDriven" name="testGetUser" time="0.206"/>
  <system-out/>
  <testcase classname="api.test.UserApiTestDataDriven" name="testGetUser" time="0.222"/>
  <system-out/>
  <testcase classname="api.test.UserApiTestDataDriven" name="testDeleteUser" time="0.221"/>
  <system-out/>
  <testcase classname="api.test.UserApiTestDataDriven" name="testDeleteUser" time="0.215"/>
  <system-out/>
  <testcase classname="api.test.UserApiTestDataDriven" name="testDeleteUser" time="0.251"/>
  <system-out/>
  <testcase classname="api.test.UserApiTestDataDriven" name="testDeleteUser" time="0.208"/>
  <system-out/>
</testsuite> <!-- api.test.UserApiTestDataDriven -->
